# JRE version: OpenJDK Runtime Environment (8.0_171-b11) (build 1.8.0_171-8u171-b11-0ubuntu0.16.04.1-b11)
# Java VM: OpenJDK 64-Bit Server VM (25.171-b11 mixed mode linux-amd64 compressed oops)
Heap:
 PSYoungGen      total 81920K, used 19204K [0x00000000d7200000, 0x00000000f3f00000, 0x0000000100000000)
  eden space 81408K, 23% used [0x00000000d7200000,0x00000000d84b10b8,0x00000000dc180000)
  from space 512K, 12% used [0x00000000f3e80000,0x00000000f3e90000,0x00000000f3f00000)
  to   space 512K, 0% used [0x00000000f3e00000,0x00000000f3e00000,0x00000000f3e80000)
 ParOldGen       total 84992K, used 6486K [0x0000000085600000, 0x000000008a900000, 0x00000000d7200000)
  object space 84992K, 7% used [0x0000000085600000,0x0000000085c55ae0,0x000000008a900000)
 Metaspace       used 19254K, capacity 19498K, committed 19840K, reserved 1067008K
  class space    used 2295K, capacity 2367K, committed 2432K, reserved 1048576K
GC Heap History (10 events):
Event: 1501,797 GC heap before
{Heap before GC invocations=404 (full 0):
 PSYoungGen      total 77312K, used 76832K [0x00000000d7200000, 0x00000000f3f00000, 0x0000000100000000)
  eden space 76800K, 100% used [0x00000000d7200000,0x00000000dbd00000,0x00000000dbd00000)
  from space 512K, 6% used [0x00000000f3e00000,0x00000000f3e08000,0x00000000f3e80000)
  to   space 512K, 0% used [0x00000000f3e80000,0x00000000f3e80000,0x00000000f3f00000)
 ParOldGen       total 84992K, used 6478K [0x0000000085600000, 0x000000008a900000, 0x00000000d7200000)
  object space 84992K, 7% used [0x0000000085600000,0x0000000085c53ae0,0x000000008a900000)
 Metaspace       used 19210K, capacity 19434K, committed 19840K, reserved 1067008K
  class space    used 2294K, capacity 2367K, committed 2432K, reserved 1048576K
Event: 1501,798 GC heap after
Heap after GC invocations=404 (full 0):
 PSYoungGen      total 74752K, used 32K [0x00000000d7200000, 0x00000000f3f00000, 0x0000000100000000)
  eden space 74240K, 0% used [0x00000000d7200000,0x00000000d7200000,0x00000000dba80000)
  from space 512K, 6% used [0x00000000f3e80000,0x00000000f3e88000,0x00000000f3f00000)
  to   space 512K, 0% used [0x00000000f3e00000,0x00000000f3e00000,0x00000000f3e80000)
 ParOldGen       total 84992K, used 6478K [0x0000000085600000, 0x000000008a900000, 0x00000000d7200000)
  object space 84992K, 7% used [0x0000000085600000,0x0000000085c53ae0,0x000000008a900000)
 Metaspace       used 19210K, capacity 19434K, committed 19840K, reserved 1067008K
  class space    used 2294K, capacity 2367K, committed 2432K, reserved 1048576K
}
Event: 1501,935 GC heap before
{Heap before GC invocations=405 (full 0):
 PSYoungGen      total 74752K, used 74272K [0x00000000d7200000, 0x00000000f3f00000, 0x0000000100000000)
  eden space 74240K, 100% used [0x00000000d7200000,0x00000000dba80000,0x00000000dba80000)
  from space 512K, 6% used [0x00000000f3e80000,0x00000000f3e88000,0x00000000f3f00000)
  to   space 512K, 0% used [0x00000000f3e00000,0x00000000f3e00000,0x00000000f3e80000)
 ParOldGen       total 84992K, used 6478K [0x0000000085600000, 0x000000008a900000, 0x00000000d7200000)
  object space 84992K, 7% used [0x0000000085600000,0x0000000085c53ae0,0x000000008a900000)
 Metaspace       used 19210K, capacity 19434K, committed 19840K, reserved 1067008K
  class space    used 2294K, capacity 2367K, committed 2432K, reserved 1048576K
Event: 1501,936 GC heap after
Heap after GC invocations=405 (full 0):
 PSYoungGen      total 72192K, used 32K [0x00000000d7200000, 0x00000000f3f00000, 0x0000000100000000)
  eden space 71680K, 0% used [0x00000000d7200000,0x00000000d7200000,0x00000000db800000)
  from space 512K, 6% used [0x00000000f3e00000,0x00000000f3e08000,0x00000000f3e80000)
  to   space 512K, 0% used [0x00000000f3e80000,0x00000000f3e80000,0x00000000f3f00000)
 ParOldGen       total 84992K, used 6486K [0x0000000085600000, 0x000000008a900000, 0x00000000d7200000)
  object space 84992K, 7% used [0x0000000085600000,0x0000000085c55ae0,0x000000008a900000)
 Metaspace       used 19210K, capacity 19434K, committed 19840K, reserved 1067008K
  class space    used 2294K, capacity 2367K, committed 2432K, reserved 1048576K
}
Event: 1502,060 GC heap before
{Heap before GC invocations=406 (full 0):
 PSYoungGen      total 72192K, used 71712K [0x00000000d7200000, 0x00000000f3f00000, 0x0000000100000000)
  eden space 71680K, 100% used [0x00000000d7200000,0x00000000db800000,0x00000000db800000)
  from space 512K, 6% used [0x00000000f3e00000,0x00000000f3e08000,0x00000000f3e80000)
  to   space 512K, 0% used [0x00000000f3e80000,0x00000000f3e80000,0x00000000f3f00000)
 ParOldGen       total 84992K, used 6486K [0x0000000085600000, 0x000000008a900000, 0x00000000d7200000)
  object space 84992K, 7% used [0x0000000085600000,0x0000000085c55ae0,0x000000008a900000)
 Metaspace       used 19210K, capacity 19434K, committed 19840K, reserved 1067008K
  class space    used 2294K, capacity 2367K, committed 2432K, reserved 1048576K
Event: 1502,061 GC heap after
Heap after GC invocations=406 (full 0):
 PSYoungGen      total 70144K, used 32K [0x00000000d7200000, 0x00000000f3f00000, 0x0000000100000000)
  eden space 69632K, 0% used [0x00000000d7200000,0x00000000d7200000,0x00000000db600000)
  from space 512K, 6% used [0x00000000f3e80000,0x00000000f3e88000,0x00000000f3f00000)
  to   space 512K, 0% used [0x00000000f3e00000,0x00000000f3e00000,0x00000000f3e80000)
 ParOldGen       total 84992K, used 6486K [0x0000000085600000, 0x000000008a900000, 0x00000000d7200000)
  object space 84992K, 7% used [0x0000000085600000,0x0000000085c55ae0,0x000000008a900000)
 Metaspace       used 19210K, capacity 19434K, committed 19840K, reserved 1067008K
  class space    used 2294K, capacity 2367K, committed 2432K, reserved 1048576K
}
Event: 1502,192 GC heap before
{Heap before GC invocations=407 (full 0):
 PSYoungGen      total 70144K, used 69664K [0x00000000d7200000, 0x00000000f3f00000, 0x0000000100000000)
  eden space 69632K, 100% used [0x00000000d7200000,0x00000000db600000,0x00000000db600000)
  from space 512K, 6% used [0x00000000f3e80000,0x00000000f3e88000,0x00000000f3f00000)
  to   space 512K, 0% used [0x00000000f3e00000,0x00000000f3e00000,0x00000000f3e80000)
 ParOldGen       total 84992K, used 6486K [0x0000000085600000, 0x000000008a900000, 0x00000000d7200000)
  object space 84992K, 7% used [0x0000000085600000,0x0000000085c55ae0,0x000000008a900000)
 Metaspace       used 19210K, capacity 19434K, committed 19840K, reserved 1067008K
  class space    used 2294K, capacity 2367K, committed 2432K, reserved 1048576K
Event: 1502,193 GC heap after
Heap after GC invocations=407 (full 0):
 PSYoungGen      total 68096K, used 32K [0x00000000d7200000, 0x00000000f3f00000, 0x0000000100000000)
  eden space 67584K, 0% used [0x00000000d7200000,0x00000000d7200000,0x00000000db400000)
  from space 512K, 6% used [0x00000000f3e00000,0x00000000f3e08000,0x00000000f3e80000)
  to   space 512K, 0% used [0x00000000f3e80000,0x00000000f3e80000,0x00000000f3f00000)
 ParOldGen       total 84992K, used 6486K [0x0000000085600000, 0x000000008a900000, 0x00000000d7200000)
  object space 84992K, 7% used [0x0000000085600000,0x0000000085c55ae0,0x000000008a900000)
 Metaspace       used 19210K, capacity 19434K, committed 19840K, reserved 1067008K
  class space    used 2294K, capacity 2367K, committed 2432K, reserved 1048576K
}
Event: 1502,316 GC heap before
{Heap before GC invocations=408 (full 0):
 PSYoungGen      total 68096K, used 67616K [0x00000000d7200000, 0x00000000f3f00000, 0x0000000100000000)
  eden space 67584K, 100% used [0x00000000d7200000,0x00000000db400000,0x00000000db400000)
  from space 512K, 6% used [0x00000000f3e00000,0x00000000f3e08000,0x00000000f3e80000)
  to   space 512K, 0% used [0x00000000f3e80000,0x00000000f3e80000,0x00000000f3f00000)
 ParOldGen       total 84992K, used 6486K [0x0000000085600000, 0x000000008a900000, 0x00000000d7200000)
  object space 84992K, 7% used [0x0000000085600000,0x0000000085c55ae0,0x000000008a900000)
 Metaspace       used 19210K, capacity 19434K, committed 19840K, reserved 1067008K
  class space    used 2294K, capacity 2367K, committed 2432K, reserved 1048576K
Event: 1502,323 GC heap after
Heap after GC invocations=408 (full 0):
 PSYoungGen      total 81920K, used 64K [0x00000000d7200000, 0x00000000f3f00000, 0x0000000100000000)
  eden space 81408K, 0% used [0x00000000d7200000,0x00000000d7200000,0x00000000dc180000)
  from space 512K, 12% used [0x00000000f3e80000,0x00000000f3e90000,0x00000000f3f00000)
  to   space 512K, 0% used [0x00000000f3e00000,0x00000000f3e00000,0x00000000f3e80000)
 ParOldGen       total 84992K, used 6486K [0x0000000085600000, 0x000000008a900000, 0x00000000d7200000)
  object space 84992K, 7% used [0x0000000085600000,0x0000000085c55ae0,0x000000008a900000)
 Metaspace       used 19210K, capacity 19434K, committed 19840K, reserved 1067008K
  class space    used 2294K, capacity 2367K, committed 2432K, reserved 1048576K
}

